[2025-01-08T19:44:14.792793+01:00] log.INFO: Connection succesfully [] []
[2025-01-08T19:44:15.189444+01:00] log.INFO: Get succesfullyc45ea1bf-17a8-48c8-b96d-cb4fcad37c9f [] []
[2025-01-08T19:44:56.358014+01:00] log.INFO: Connection succesfully [] []
[2025-01-08T19:44:56.399724+01:00] log.INFO: Insert succesfully8aaded88-2bcc-4023-9c6d-ae16d5538378 [] []
[2025-01-08T19:45:21.511258+01:00] log.INFO: Connection succesfully [] []
[2025-01-08T19:45:21.514025+01:00] log.INFO: Get succesfully8aaded88-2bcc-4023-9c6d-ae16d5538378 [] []
[2025-01-10T17:42:40.290364+01:00] log.INFO: Connection succesfully [] []
[2025-01-10T17:42:40.419331+01:00] log.INFO: Get succesfullyc45ea1bf-17a8-48c8-b96d-cb4fcad37c9f [] []
[2025-01-10T17:44:42.477746+01:00] log.INFO: Connection succesfully [] []
[2025-01-10T17:44:46.889214+01:00] log.INFO: Insert succesfully657cfde4-46b3-4768-b54d-340c45f6d9de [] []
[2025-01-10T17:46:24.175082+01:00] log.INFO: Connection succesfully [] []
[2025-01-10T17:46:24.209432+01:00] log.INFO: Insert succesfully10db53f7-5fa0-424b-acf0-3d3d770c9827 [] []
[2025-01-10T17:47:19.566733+01:00] log.INFO: Connection succesfully [] []
[2025-01-10T17:47:19.597535+01:00] log.INFO: Insert succesfully53e7138d-9cda-44e3-8709-37377e9bb1ba [] []
[2025-01-10T17:47:57.784181+01:00] log.INFO: Connection succesfully [] []
[2025-01-10T17:47:57.815791+01:00] log.INFO: Insert succesfullyad44ce29-94e9-4919-893a-bd107c89ecd7 [] []
[2025-01-10T17:48:05.476863+01:00] log.INFO: Connection succesfully [] []
[2025-01-10T17:48:05.480158+01:00] log.INFO: Get succesfullyc45ea1bf-17a8-48c8-b96d-cb4fcad37c9f [] []
[2025-01-10T17:56:28.032018+01:00] log.INFO: Connection succesfully [] []
[2025-01-10T17:56:28.040851+01:00] log.INFO: Get succesfullyc45ea1bf-17a8-48c8-b96d-cb4fcad37c9f [] []
[2025-01-10T18:00:05.329161+01:00] log.INFO: Connection succesfully [] []
[2025-01-10T18:01:30.045561+01:00] log.INFO: Connection succesfully [] []
[2025-01-10T18:01:58.820800+01:00] log.INFO: Connection succesfully [] []
[2025-01-10T18:03:37.755953+01:00] log.INFO: Connection succesfully [] []
[2025-01-10T18:07:40.254136+01:00] log.INFO: Connection succesfully [] []
[2025-01-10T18:07:52.049088+01:00] log.INFO: Connection succesfully [] []
[2025-01-10T18:07:52.167731+01:00] log.INFO: Insert succesfullyb8cfa9b1-aa18-41a0-80f1-dbbcc08684f0 [] []
[2025-01-10T18:08:09.185235+01:00] log.INFO: Connection succesfully [] []
[2025-01-10T18:08:09.189964+01:00] log.INFO: Get succesfullyb8cfa9b1-aa18-41a0-80f1-dbbcc08684f0 [] []
[2025-01-10T18:08:20.825110+01:00] log.INFO: Connection succesfully [] []
[2025-01-10T18:08:20.832530+01:00] log.INFO: Get succesfullyb8cfa9b1-aa18-41a0-80f1-dbbcc08684f0 [] []
[2025-01-10T18:08:26.760539+01:00] log.INFO: Connection succesfully [] []
[2025-01-10T18:08:26.762776+01:00] log.INFO: Get succesfullyb8cfa9b1-aa18-41a0-80f1-dbbcc08684f0 [] []
[2025-01-10T18:11:38.210739+01:00] log.INFO: Connection succesfully [] []
[2025-01-10T18:11:38.266472+01:00] log.INFO: Insert succesfully465099a5-3f0a-45bd-b66f-96920c1f375a [] []
[2025-01-10T18:13:35.724027+01:00] log.INFO: Connection succesfully [] []
[2025-01-10T18:13:35.736417+01:00] log.INFO: Get succesfully465099a5-3f0a-45bd-b66f-96920c1f375a [] []
[2025-01-10T18:18:43.928516+01:00] log.INFO: Connection succesfully [] []
[2025-01-10T18:18:43.933035+01:00] log.INFO: Get succesfully465099a5-3f0a-45bd-b66f-96920c1f375a [] []
[2025-01-10T18:19:05.167034+01:00] log.INFO: Connection succesfully [] []
[2025-01-10T18:19:05.175066+01:00] log.INFO: Get succesfully465099a5-3f0a-45bd-b66f-96920c1f375a [] []
[2025-01-10T18:21:23.559013+01:00] log.INFO: Connection succesfully [] []
[2025-01-10T18:21:23.565073+01:00] log.INFO: Get succesfully465099a5-3f0a-45bd-b66f-96920c1f375a [] []
[2025-01-10T18:21:48.301865+01:00] log.INFO: Connection succesfully [] []
[2025-01-10T18:21:48.304883+01:00] log.INFO: Get succesfully465099a5-3f0a-45bd-b66f-96920c1f375a [] []
[2025-01-10T18:33:12.944755+01:00] log.INFO: Connection succesfully [] []
[2025-01-10T18:34:05.168975+01:00] log.INFO: Connection succesfully [] []
[2025-01-10T18:34:06.560783+01:00] log.INFO: Insert succesfully8dacf488-bdd1-4b5f-b65b-39d752a5c511 [] []
[2025-01-10T18:34:20.174478+01:00] log.INFO: Connection succesfully [] []
[2025-01-10T18:34:20.177862+01:00] log.INFO: Get succesfully8dacf488-bdd1-4b5f-b65b-39d752a5c511 [] []
[2025-01-10T18:39:45.239711+01:00] log.INFO: Connection succesfully [] []
[2025-01-10T18:39:45.243662+01:00] log.INFO: Get succesfully8dacf488-bdd1-4b5f-b65b-39d752a5c511 [] []
[2025-01-10T18:39:47.720509+01:00] log.INFO: Connection succesfully [] []
[2025-01-10T18:39:47.724602+01:00] log.INFO: Get succesfully8dacf488-bdd1-4b5f-b65b-39d752a5c511 [] []
[2025-01-10T18:40:11.422299+01:00] log.INFO: Connection succesfully [] []
[2025-01-10T18:40:11.430274+01:00] log.INFO: Get succesfully8dacf488-bdd1-4b5f-b65b-39d752a5c511 [] []
[2025-01-10T18:40:22.258607+01:00] log.INFO: Connection succesfully [] []
[2025-01-10T18:40:22.264772+01:00] log.INFO: Get succesfully8dacf488-bdd1-4b5f-b65b-39d752a5c511 [] []
[2025-01-10T18:40:36.957711+01:00] log.INFO: Connection succesfully [] []
[2025-01-10T18:40:37.488130+01:00] log.INFO: Insert succesfully54afa5f2-1afa-4200-b217-f3f0199adc15 [] []
[2025-01-10T18:40:51.159733+01:00] log.INFO: Connection succesfully [] []
[2025-01-10T18:40:51.163179+01:00] log.INFO: Get succesfully54afa5f2-1afa-4200-b217-f3f0199adc15 [] []
[2025-01-10T18:42:59.511569+01:00] log.INFO: Connection succesfully [] []
[2025-01-10T18:42:59.817637+01:00] log.INFO: Insert succesfully7fbfc592-defe-4302-a225-1c9f02e295f4 [] []
[2025-01-10T18:43:12.529208+01:00] log.INFO: Connection succesfully [] []
[2025-01-10T18:43:12.539107+01:00] log.INFO: Get succesfully7fbfc592-defe-4302-a225-1c9f02e295f4 [] []
[2025-01-10T18:49:05.148181+01:00] log.INFO: Connection succesfully [] []
[2025-01-10T18:49:05.152597+01:00] log.INFO: Get succesfully7fbfc592-defe-4302-a225-1c9f02e295f4 [] []
[2025-01-10T18:50:13.448540+01:00] log.INFO: Connection succesfully [] []
[2025-01-10T18:50:13.456792+01:00] log.INFO: Get succesfully7fbfc592-defe-4302-a225-1c9f02e295f4 [] []
[2025-01-10T18:52:11.646938+01:00] log.INFO: Connection succesfully [] []
[2025-01-10T18:52:11.776907+01:00] log.INFO: Insert succesfully2be1a849-76b6-4d85-ae51-0de490ab88d5 [] []
[2025-01-10T19:04:32.121213+01:00] log.ERROR: Connection failed [] []
[2025-01-10T19:05:52.701816+01:00] log.INFO: Connection succesfully [] []
[2025-01-10T19:06:34.615718+01:00] log.ERROR: Connection failed [] []
[2025-01-10T19:07:35.044368+01:00] log.ERROR: Connection failed [] []
[2025-01-10T19:07:35.046173+01:00] log.INFO: Connection succesfully [] []
[2025-01-10T19:08:36.653318+01:00] log.ERROR: Connection failed [] []
[2025-01-10T19:10:33.722313+01:00] log.INFO: Connection succesfully [] []
[2025-01-10T19:10:33.822016+01:00] log.INFO: Insert succesfullyb89c0f04-af59-4392-8b80-66c64e71dc16 [] []
[2025-01-10T19:14:37.256866+01:00] log.INFO: Connection succesfully [] []
[2025-01-10T19:14:37.331760+01:00] log.INFO: Insert succesfullyfefe7926-c2d4-401e-829e-19edd96688d2 [] []
[2025-01-10T19:15:27.246834+01:00] log.INFO: Connection succesfully [] []
[2025-01-10T19:15:27.374827+01:00] log.INFO: Insert succesfullya1e0b63b-0d2a-4f5d-93d8-8c57059b5f08 [] []
[2025-01-10T19:18:27.697709+01:00] log.INFO: Connection succesfully [] []
[2025-01-10T19:18:27.707014+01:00] log.INFO: Get succesfullyQWD [] []
[2025-01-10T19:18:35.679361+01:00] log.INFO: Connection succesfully [] []
[2025-01-10T19:18:35.681954+01:00] log.INFO: Get succesfullyESGAREHG [] []
[2025-01-10T19:18:38.236978+01:00] log.INFO: Connection succesfully [] []
[2025-01-10T19:18:38.240545+01:00] log.INFO: Get succesfullyZSDVSDZVZ [] []
[2025-01-10T19:20:56.055832+01:00] log.INFO: Connection succesfully [] []
[2025-01-10T19:20:56.217453+01:00] log.INFO: Insert succesfully7db52e74-7b57-4ff0-8efd-e28f1f841f12 [] []
[2025-01-10T19:22:03.945628+01:00] log.INFO: Connection succesfully [] []
[2025-01-10T19:22:04.049145+01:00] log.INFO: Insert succesfully5fee42c8-c78a-470a-95f7-fa854d42920e [] []
[2025-01-10T19:23:15.525508+01:00] log.INFO: Connection succesfully [] []
[2025-01-10T19:25:52.893191+01:00] log.INFO: Connection succesfully [] []
[2025-01-10T19:26:45.887768+01:00] log.INFO: Connection succesfully [] []
[2025-01-10T19:26:45.890866+01:00] log.ERROR: Insert failed [] []
[2025-01-10T19:28:15.750764+01:00] log.INFO: Connection succesfully [] []
[2025-01-10T19:28:44.391543+01:00] log.INFO: Connection succesfully [] []
[2025-01-10T19:28:44.393628+01:00] log.ERROR: Insert failed [] []
